<?xml version="1.0" encoding="UTF-8"?>
<testng-results skipped="0" failed="0" total="1" passed="1">
  <reporter-output>
  </reporter-output>
  <suite name="Default suite" duration-ms="117572" started-at="2019-10-25T11:16:20Z" finished-at="2019-10-25T11:18:18Z">
    <groups>
    </groups>
    <test name="Default test" duration-ms="117572" started-at="2019-10-25T11:16:20Z" finished-at="2019-10-25T11:18:18Z">
      <class name="phoenix_tests.Phoenix_DiaryDate_Validation">
        <test-method status="PASS" signature="suitesetup()[pri:0, instance:phoenix_tests.Phoenix_DiaryDate_Validation@1684286]" name="suitesetup" is-config="true" duration-ms="49" started-at="2019-10-25T16:46:20Z" finished-at="2019-10-25T16:46:20Z">
          <reporter-output>
          </reporter-output>
        </test-method> <!-- suitesetup -->
        <test-method status="PASS" signature="create_report_workbook()[pri:0, instance:phoenix_tests.Phoenix_DiaryDate_Validation@1684286]" name="create_report_workbook" is-config="true" duration-ms="5494" started-at="2019-10-25T16:46:20Z" finished-at="2019-10-25T16:46:26Z">
          <reporter-output>
          </reporter-output>
        </test-method> <!-- create_report_workbook -->
        <test-method status="PASS" signature="initialsetup()[pri:0, instance:phoenix_tests.Phoenix_DiaryDate_Validation@1684286]" name="initialsetup" is-config="true" duration-ms="7342" started-at="2019-10-25T16:46:26Z" finished-at="2019-10-25T16:46:33Z">
          <reporter-output>
          </reporter-output>
        </test-method> <!-- initialsetup -->
        <test-method status="PASS" signature="Initialise(java.lang.reflect.Method)[pri:0, instance:phoenix_tests.Phoenix_DiaryDate_Validation@1684286]" name="Initialise" is-config="true" duration-ms="16807" started-at="2019-10-25T16:46:33Z" finished-at="2019-10-25T16:46:50Z">
          <params>
            <param index="0">
              <value>
                <![CDATA[public void phoenix_tests.Phoenix_DiaryDate_Validation.DairyDate_Validation(org.apache.commons.collections4.map.ListOrderedMap)]]>
              </value>
            </param>
          </params>
          <reporter-output>
          </reporter-output>
        </test-method> <!-- Initialise -->
        <test-method status="PASS" signature="DairyDate_Validation(org.apache.commons.collections4.map.ListOrderedMap)[pri:0, instance:phoenix_tests.Phoenix_DiaryDate_Validation@1684286]" name="DairyDate_Validation" duration-ms="78426" started-at="2019-10-25T16:46:50Z" data-provider="DataProvider" finished-at="2019-10-25T16:48:08Z">
          <params>
            <param index="0">
              <value>
                <![CDATA[{Execute=Yes, User Name=sweta.das@awacservices.com, Password=Allied22$, Manager Username=freddie.pitts@awacservices.com, Manager Password=@llieD19, Contract Or Company Name=17654, Contract Year=2017, UW Year=2017, Claim No=25502, Claim Number=2316, Serial No=O, Company=Rural Mutual Insurance Company, Loss Date=1/1/18, Our Report date=1/10/19, Cedant report Date=1/5/19, Broker=AON BENFIELD INC, Claim nature=Bordereau Review, Cedant Claim ref=Ref01, Insured=Bran Williamson, Broker Claim ref=Ref02, Claimant=Aj Bradman, Examiner=Wronski , Cathleen, claim Type=Regular, Diary Frequency=30, Description Of Loss=Test, Injury=104-Bordereau Review, section=Section A USD XOL Property - Commercial, LOB=Homeowners - Prop, Policy Effective Date=9/25/19, Policy expiry Date=9/24/20, Policy type=Energy, Policy Limit=500000, Policy Alae=Pro-Rata, Country=United States of America (US), AddressLine 1=abc Main, State=Alabama, City=Alexander City, Postal code=35010, Update Addressline=xyz main, Statement Date=10/15/19, Report Date=10/25/19, Late Reason=Ceding Company Error, Reserve amount=500000, Paid Loss=40000, Expenses=45000, Our Expenses=55000, OS Loss Reserve=10000, LAE Reserve=5000, ACR Reserve=5000, Manager Name=Pitts, Select category=First Notice, Ceding Company=A.I.M. MUTUAL INSURANCE COMPANY, Dairy Date_Edit=12/31/19, Diary Frequency_Edit=20}]]>
              </value>
            </param>
          </params>
          <reporter-output>
          </reporter-output>
        </test-method> <!-- DairyDate_Validation -->
        <test-method status="PASS" signature="writeReport()[pri:0, instance:phoenix_tests.Phoenix_DiaryDate_Validation@1684286]" name="writeReport" is-config="true" duration-ms="9387" started-at="2019-10-25T16:48:08Z" finished-at="2019-10-25T16:48:18Z">
          <reporter-output>
          </reporter-output>
        </test-method> <!-- writeReport -->
      </class> <!-- phoenix_tests.Phoenix_DiaryDate_Validation -->
    </test> <!-- Default test -->
  </suite> <!-- Default suite -->
</testng-results>
